Arguments: 
  C:\Program Files\nodejs\node.exe C:\Users\76083\AppData\Local\node\corepack\yarn\1.22.19\bin\yarn.js add vant

PATH: 
  C:\Program Files\WindowsApps\Microsoft.PowerShell_7.4.6.0_x64__8wekyb3d8bbwe;C:\Program Files\Common Files\Oracle\Java\javapath;C:\WINDOWS\system32;C:\WINDOWS;C:\WINDOWS\System32\Wbem;C:\WINDOWS\System32\WindowsPowerShell\v1.0\;C:\WINDOWS\System32\OpenSSH\;C:\Program Files\Git\cmd;C:\Users\76083\AppData\Local\Yarn\bin;;C:\Program Files\Docker\Docker\resources\bin;C:\Program Files\nodejs\;C:\Program Files\dotnet\;C:\Program Files (x86)\Tencent\微信web开发者工具\dll;C:\Users\76083\AppData\Local\Programs\Python\Python311\Scripts\;C:\Users\76083\AppData\Local\Programs\Python\Python311\;C:\Users\76083\scoop\shims;C:\Users\76083\AppData\Local\Microsoft\WindowsApps;;C:\Users\76083\AppData\Local\Programs\oh-my-posh\bin;C:\Program Files\Neovim\bin;C:\Users\76083\AppData\Local\Programs\Microsoft VS Code\bin;C:\Users\76083\AppData\Roaming\npm

Yarn version: 
  1.22.19

Node version: 
  20.11.1

Platform: 
  win32 x64

Trace: 
  Error: ENOENT: no such file or directory, copyfile 'C:\Users\76083\AppData\Local\Yarn\Cache\v6\npm-regenerator-runtime-0.14.1-356ade10263f685dda125100cd862c1db895327f-integrity\node_modules\regenerator-runtime\package.json' -> 'D:\companyprj\english-learning-app\node_modules\@babel\runtime\node_modules\regenerator-runtime\package.json'

npm manifest: 
  {
    "name": "uni-preset-vue",
    "version": "0.0.0",
    "scripts": {
      "dev:custom": "uni -p",
      "dev:h5": "uni",
      "dev:h5:ssr": "uni --ssr",
      "dev:mp-alipay": "uni -p mp-alipay",
      "dev:mp-baidu": "uni -p mp-baidu",
      "dev:mp-jd": "uni -p mp-jd",
      "dev:mp-kuaishou": "uni -p mp-kuaishou",
      "dev:mp-lark": "uni -p mp-lark",
      "dev:mp-qq": "uni -p mp-qq",
      "dev:mp-toutiao": "uni -p mp-toutiao",
      "dev:mp-weixin": "uni -p mp-weixin",
      "dev:mp-xhs": "uni -p mp-xhs",
      "dev:quickapp-webview": "uni -p quickapp-webview",
      "dev:quickapp-webview-huawei": "uni -p quickapp-webview-huawei",
      "dev:quickapp-webview-union": "uni -p quickapp-webview-union",
      "build:custom": "uni build -p",
      "build:h5": "uni build",
      "build:h5:ssr": "uni build --ssr",
      "build:mp-alipay": "uni build -p mp-alipay",
      "build:mp-baidu": "uni build -p mp-baidu",
      "build:mp-jd": "uni build -p mp-jd",
      "build:mp-kuaishou": "uni build -p mp-kuaishou",
      "build:mp-lark": "uni build -p mp-lark",
      "build:mp-qq": "uni build -p mp-qq",
      "build:mp-toutiao": "uni build -p mp-toutiao",
      "build:mp-weixin": "uni build -p mp-weixin",
      "build:mp-xhs": "uni build -p mp-xhs",
      "build:quickapp-webview": "uni build -p quickapp-webview",
      "build:quickapp-webview-huawei": "uni build -p quickapp-webview-huawei",
      "build:quickapp-webview-union": "uni build -p quickapp-webview-union",
      "type-check": "vue-tsc --noEmit"
    },
    "dependencies": {
      "@dcloudio/uni-app": "3.0.0-4030620241128001",
      "@dcloudio/uni-app-harmony": "3.0.0-4030620241128001",
      "@dcloudio/uni-app-plus": "3.0.0-4030620241128001",
      "@dcloudio/uni-components": "3.0.0-4030620241128001",
      "@dcloudio/uni-h5": "3.0.0-4030620241128001",
      "@dcloudio/uni-mp-alipay": "3.0.0-4030620241128001",
      "@dcloudio/uni-mp-baidu": "3.0.0-4030620241128001",
      "@dcloudio/uni-mp-jd": "3.0.0-4030620241128001",
      "@dcloudio/uni-mp-kuaishou": "3.0.0-4030620241128001",
      "@dcloudio/uni-mp-lark": "3.0.0-4030620241128001",
      "@dcloudio/uni-mp-qq": "3.0.0-4030620241128001",
      "@dcloudio/uni-mp-toutiao": "3.0.0-4030620241128001",
      "@dcloudio/uni-mp-weixin": "3.0.0-4030620241128001",
      "@dcloudio/uni-mp-xhs": "3.0.0-4030620241128001",
      "@dcloudio/uni-quickapp-webview": "3.0.0-4030620241128001",
      "vue": "^3.4.21",
      "vue-i18n": "^9.1.9"
    },
    "devDependencies": {
      "@dcloudio/types": "^3.4.8",
      "@dcloudio/uni-automator": "3.0.0-4030620241128001",
      "@dcloudio/uni-cli-shared": "3.0.0-4030620241128001",
      "@dcloudio/uni-stacktracey": "3.0.0-4030620241128001",
      "@dcloudio/vite-plugin-uni": "3.0.0-4030620241128001",
      "@vue/tsconfig": "^0.1.3",
      "@vue/runtime-core": "^3.4.21",
      "typescript": "^4.9.4",
      "vite": "5.2.8",
      "vue-tsc": "^1.0.24"
    }
  }

yarn manifest: 
  No manifest

Lockfile: 
  No lockfile
